Blender 4.2.6 LTS (hash 6dc30a3be3cf built 2025-01-21 03:28:02)
Read blend: "C:\ZSY\imperial\courses\ISO\iso-shapecraft\auto_render.blend"
Fra:2 Mem:10.96M (Peak 10.96M) | Time:00:00.05 | Mem:0.00M, Peak:0.00M | Scene, ViewLayer | Synchronizing object | Cube.001
Fra:2 Mem:10.96M (Peak 10.96M) | Time:00:00.05 | Mem:0.00M, Peak:0.00M | Scene, ViewLayer | Initializing
Fra:2 Mem:10.81M (Peak 10.96M) | Time:00:00.05 | Mem:0.00M, Peak:0.00M | Scene, ViewLayer | Waiting for render to start
Fra:2 Mem:10.81M (Peak 10.96M) | Time:00:00.05 | Mem:0.00M, Peak:0.00M | Scene, ViewLayer | Loading render kernels (may take a few minutes the first time)
Fra:2 Mem:10.81M (Peak 39.23M) | Time:00:00.12 | Mem:0.00M, Peak:0.00M | Scene, ViewLayer | Updating Scene
Fra:2 Mem:10.81M (Peak 39.23M) | Time:00:00.12 | Mem:0.00M, Peak:0.00M | Scene, ViewLayer | Updating Shaders
Fra:2 Mem:10.90M (Peak 39.23M) | Time:00:00.12 | Mem:0.00M, Peak:0.00M | Scene, ViewLayer | Updating Procedurals
Fra:2 Mem:10.90M (Peak 39.23M) | Time:00:00.12 | Mem:0.00M, Peak:0.00M | Scene, ViewLayer | Updating Background
Fra:2 Mem:10.90M (Peak 39.23M) | Time:00:00.12 | Mem:0.00M, Peak:0.00M | Scene, ViewLayer | Updating Camera
Fra:2 Mem:10.90M (Peak 39.23M) | Time:00:00.12 | Mem:0.00M, Peak:0.00M | Scene, ViewLayer | Updating Meshes Flags
Fra:2 Mem:10.90M (Peak 39.23M) | Time:00:00.12 | Mem:0.00M, Peak:0.00M | Scene, ViewLayer | Updating Objects
Fra:2 Mem:10.90M (Peak 39.23M) | Time:00:00.12 | Mem:0.00M, Peak:0.00M | Scene, ViewLayer | Updating Objects | Copying Transformations to device
Fra:2 Mem:10.90M (Peak 39.23M) | Time:00:00.12 | Mem:0.00M, Peak:0.00M | Scene, ViewLayer | Updating Objects | Applying Static Transformations
Fra:2 Mem:10.90M (Peak 39.23M) | Time:00:00.12 | Mem:0.00M, Peak:0.00M | Scene, ViewLayer | Updating Particle Systems
Fra:2 Mem:10.90M (Peak 39.23M) | Time:00:00.12 | Mem:0.00M, Peak:0.00M | Scene, ViewLayer | Updating Particle Systems | Copying Particles to device
Fra:2 Mem:10.90M (Peak 39.23M) | Time:00:00.12 | Mem:0.00M, Peak:0.00M | Scene, ViewLayer | Updating Meshes
Fra:2 Mem:10.90M (Peak 39.23M) | Time:00:00.12 | Mem:0.00M, Peak:0.00M | Scene, ViewLayer | Updating Mesh | Computing attributes
Fra:2 Mem:10.90M (Peak 39.23M) | Time:00:00.12 | Mem:0.00M, Peak:0.00M | Scene, ViewLayer | Updating Mesh | Copying Attributes to device
Fra:2 Mem:10.90M (Peak 39.23M) | Time:00:00.12 | Mem:0.00M, Peak:0.00M | Scene, ViewLayer | Updating Scene BVH | Building
Fra:2 Mem:10.90M (Peak 39.23M) | Time:00:00.12 | Mem:0.00M, Peak:0.00M | Scene, ViewLayer | Updating Scene BVH | Building BVH
Fra:2 Mem:10.90M (Peak 39.23M) | Time:00:00.12 | Mem:0.00M, Peak:0.00M | Scene, ViewLayer | Updating Scene BVH | Packing BVH triangles and strands
Fra:2 Mem:10.90M (Peak 39.23M) | Time:00:00.12 | Mem:0.00M, Peak:0.00M | Scene, ViewLayer | Updating Scene BVH | Packing BVH nodes
Fra:2 Mem:10.90M (Peak 39.23M) | Time:00:00.12 | Mem:0.00M, Peak:0.00M | Scene, ViewLayer | Updating Scene BVH | Copying BVH to device
Fra:2 Mem:10.90M (Peak 39.23M) | Time:00:00.12 | Mem:0.00M, Peak:0.00M | Scene, ViewLayer | Updating Mesh | Computing normals
Fra:2 Mem:10.90M (Peak 39.23M) | Time:00:00.12 | Mem:0.00M, Peak:0.00M | Scene, ViewLayer | Updating Mesh | Copying Mesh to device
Fra:2 Mem:10.90M (Peak 39.23M) | Time:00:00.12 | Mem:0.00M, Peak:0.00M | Scene, ViewLayer | Updating Objects Flags
Fra:2 Mem:10.90M (Peak 39.23M) | Time:00:00.12 | Mem:0.00M, Peak:0.00M | Scene, ViewLayer | Updating Primitive Offsets
Fra:2 Mem:10.90M (Peak 39.23M) | Time:00:00.12 | Mem:0.00M, Peak:0.00M | Scene, ViewLayer | Updating Images
Fra:2 Mem:10.90M (Peak 39.23M) | Time:00:00.12 | Mem:0.00M, Peak:0.00M | Scene, ViewLayer | Updating Camera Volume
Fra:2 Mem:10.90M (Peak 39.23M) | Time:00:00.12 | Mem:0.00M, Peak:0.00M | Scene, ViewLayer | Updating Lookup Tables
Fra:2 Mem:10.90M (Peak 39.23M) | Time:00:00.12 | Mem:0.08M, Peak:0.08M | Scene, ViewLayer | Updating Lights
Fra:2 Mem:10.90M (Peak 39.23M) | Time:00:00.12 | Mem:0.08M, Peak:0.08M | Scene, ViewLayer | Updating Lights | Computing tree
Fra:2 Mem:10.90M (Peak 39.23M) | Time:00:00.12 | Mem:0.08M, Peak:0.08M | Scene, ViewLayer | Updating Integrator
Fra:2 Mem:10.90M (Peak 39.23M) | Time:00:00.12 | Mem:0.08M, Peak:0.08M | Scene, ViewLayer | Updating Film
Fra:2 Mem:10.90M (Peak 39.23M) | Time:00:00.12 | Mem:0.00M, Peak:0.08M | Scene, ViewLayer | Updating Lookup Tables
Fra:2 Mem:10.90M (Peak 39.23M) | Time:00:00.12 | Mem:0.09M, Peak:0.09M | Scene, ViewLayer | Updating Baking
Fra:2 Mem:10.90M (Peak 39.23M) | Time:00:00.12 | Mem:0.09M, Peak:0.09M | Scene, ViewLayer | Updating Device | Writing constant memory
Fra:2 Mem:10.90M (Peak 39.23M) | Time:00:00.12 | Mem:0.09M, Peak:0.09M | Scene, ViewLayer | Loading denoising kernels (may take a few minutes the first time)
Fra:2 Mem:14.91M (Peak 39.23M) | Time:00:00.13 | Mem:344.09M, Peak:344.09M | Scene, ViewLayer | Sample 0/128
Fra:2 Mem:33.91M (Peak 39.23M) | Time:00:00.14 | Remaining:00:00.67 | Mem:363.09M, Peak:363.09M | Scene, ViewLayer | Sample 1/128
Fra:2 Mem:33.91M (Peak 39.23M) | Time:00:00.31 | Remaining:00:00.10 | Mem:363.09M, Peak:363.09M | Scene, ViewLayer | Sample 80/128
Fra:2 Mem:33.91M (Peak 39.23M) | Time:00:00.32 | Remaining:00:00.06 | Mem:363.09M, Peak:363.09M | Scene, ViewLayer | Sample 96/128
Fra:2 Mem:33.91M (Peak 39.23M) | Time:00:00.32 | Remaining:00:00.02 | Mem:363.09M, Peak:363.09M | Scene, ViewLayer | Sample 112/128
Fra:2 Mem:41.92M (Peak 53.92M) | Time:00:00.83 | Mem:363.09M, Peak:363.09M | Scene, ViewLayer | Sample 128/128
Fra:2 Mem:41.92M (Peak 53.92M) | Time:00:00.83 | Mem:363.09M, Peak:363.09M | Scene, ViewLayer | Finished
Saved: 'C:\ZSY\imperial\courses\ISO\iso-shapecraft\exp\all_shapes\0125-222635\render\exp_full_task.png'
Time: 00:01.02 (Saving: 00:00.15)

Output path: C:\ZSY\imperial\courses\ISO\iso-shapecraft\exp\all_shapes\0125-222635
Object name: exp_full_task
Rendering to C:\ZSY\imperial\courses\ISO\iso-shapecraft\exp\all_shapes\0125-222635\render\exp_full_task.png
Exporting to C:\ZSY\imperial\courses\ISO\iso-shapecraft\exp\all_shapes\0125-222635\obj\exp_full_task.obj
OBJ export of 'exp_full_task.obj' took 0.60 ms

Blender quit
