Blender 4.2.6 LTS (hash 6dc30a3be3cf built 2025-01-21 03:28:02)
Read blend: "C:\ZSY\imperial\courses\ISO\iso-shapecraft\auto_render.blend"
Fra:2 Mem:11.17M (Peak 11.17M) | Time:00:00.07 | Mem:0.00M, Peak:0.00M | Scene, ViewLayer | Synchronizing object | Torus
Fra:2 Mem:11.49M (Peak 11.49M) | Time:00:00.07 | Mem:0.00M, Peak:0.00M | Scene, ViewLayer | Initializing
Fra:2 Mem:11.33M (Peak 11.49M) | Time:00:00.07 | Mem:0.00M, Peak:0.00M | Scene, ViewLayer | Waiting for render to start
Fra:2 Mem:11.34M (Peak 11.49M) | Time:00:00.07 | Mem:0.00M, Peak:0.00M | Scene, ViewLayer | Loading render kernels (may take a few minutes the first time)
Fra:2 Mem:11.34M (Peak 39.75M) | Time:00:00.13 | Mem:0.00M, Peak:0.00M | Scene, ViewLayer | Updating Scene
Fra:2 Mem:11.34M (Peak 39.75M) | Time:00:00.13 | Mem:0.00M, Peak:0.00M | Scene, ViewLayer | Updating Shaders
Fra:2 Mem:11.42M (Peak 39.75M) | Time:00:00.13 | Mem:0.00M, Peak:0.00M | Scene, ViewLayer | Updating Procedurals
Fra:2 Mem:11.42M (Peak 39.75M) | Time:00:00.13 | Mem:0.00M, Peak:0.00M | Scene, ViewLayer | Updating Background
Fra:2 Mem:11.42M (Peak 39.75M) | Time:00:00.13 | Mem:0.00M, Peak:0.00M | Scene, ViewLayer | Updating Camera
Fra:2 Mem:11.42M (Peak 39.75M) | Time:00:00.13 | Mem:0.00M, Peak:0.00M | Scene, ViewLayer | Updating Meshes Flags
Fra:2 Mem:11.42M (Peak 39.75M) | Time:00:00.13 | Mem:0.00M, Peak:0.00M | Scene, ViewLayer | Updating Objects
Fra:2 Mem:11.42M (Peak 39.75M) | Time:00:00.13 | Mem:0.00M, Peak:0.00M | Scene, ViewLayer | Updating Objects | Copying Transformations to device
Fra:2 Mem:11.42M (Peak 39.75M) | Time:00:00.13 | Mem:0.00M, Peak:0.00M | Scene, ViewLayer | Updating Objects | Applying Static Transformations
Fra:2 Mem:11.42M (Peak 39.75M) | Time:00:00.13 | Mem:0.00M, Peak:0.00M | Scene, ViewLayer | Updating Particle Systems
Fra:2 Mem:11.42M (Peak 39.75M) | Time:00:00.13 | Mem:0.00M, Peak:0.00M | Scene, ViewLayer | Updating Particle Systems | Copying Particles to device
Fra:2 Mem:11.42M (Peak 39.75M) | Time:00:00.13 | Mem:0.00M, Peak:0.00M | Scene, ViewLayer | Updating Meshes
Fra:2 Mem:11.49M (Peak 39.75M) | Time:00:00.13 | Mem:0.00M, Peak:0.00M | Scene, ViewLayer | Updating Mesh | Computing attributes
Fra:2 Mem:11.49M (Peak 39.75M) | Time:00:00.13 | Mem:0.00M, Peak:0.00M | Scene, ViewLayer | Updating Mesh | Copying Attributes to device
Fra:2 Mem:11.49M (Peak 39.75M) | Time:00:00.13 | Mem:0.00M, Peak:0.00M | Scene, ViewLayer | Updating Scene BVH | Building
Fra:2 Mem:11.49M (Peak 39.75M) | Time:00:00.13 | Mem:0.00M, Peak:0.00M | Scene, ViewLayer | Updating Scene BVH | Building BVH
Fra:2 Mem:11.75M (Peak 39.75M) | Time:00:00.13 | Mem:0.00M, Peak:0.00M | Scene, ViewLayer | Updating Scene BVH | Packing BVH triangles and strands
Fra:2 Mem:11.77M (Peak 39.75M) | Time:00:00.13 | Mem:0.00M, Peak:0.00M | Scene, ViewLayer | Updating Scene BVH | Packing BVH nodes
Fra:2 Mem:11.78M (Peak 39.75M) | Time:00:00.13 | Mem:0.00M, Peak:0.00M | Scene, ViewLayer | Updating Scene BVH | Copying BVH to device
Fra:2 Mem:11.78M (Peak 39.75M) | Time:00:00.13 | Mem:0.15M, Peak:0.15M | Scene, ViewLayer | Updating Mesh | Computing normals
Fra:2 Mem:11.94M (Peak 39.75M) | Time:00:00.13 | Mem:0.15M, Peak:0.15M | Scene, ViewLayer | Updating Mesh | Copying Mesh to device
Fra:2 Mem:11.94M (Peak 39.75M) | Time:00:00.13 | Mem:0.31M, Peak:0.31M | Scene, ViewLayer | Updating Objects Flags
Fra:2 Mem:11.94M (Peak 39.75M) | Time:00:00.13 | Mem:0.31M, Peak:0.31M | Scene, ViewLayer | Updating Primitive Offsets
Fra:2 Mem:11.94M (Peak 39.75M) | Time:00:00.13 | Mem:0.31M, Peak:0.31M | Scene, ViewLayer | Updating Images
Fra:2 Mem:11.94M (Peak 39.75M) | Time:00:00.13 | Mem:0.31M, Peak:0.31M | Scene, ViewLayer | Updating Camera Volume
Fra:2 Mem:11.94M (Peak 39.75M) | Time:00:00.13 | Mem:0.31M, Peak:0.31M | Scene, ViewLayer | Updating Lookup Tables
Fra:2 Mem:11.94M (Peak 39.75M) | Time:00:00.13 | Mem:0.39M, Peak:0.39M | Scene, ViewLayer | Updating Lights
Fra:2 Mem:11.94M (Peak 39.75M) | Time:00:00.13 | Mem:0.39M, Peak:0.39M | Scene, ViewLayer | Updating Lights | Computing tree
Fra:2 Mem:11.94M (Peak 39.75M) | Time:00:00.13 | Mem:0.39M, Peak:0.39M | Scene, ViewLayer | Updating Integrator
Fra:2 Mem:11.94M (Peak 39.75M) | Time:00:00.13 | Mem:0.39M, Peak:0.39M | Scene, ViewLayer | Updating Film
Fra:2 Mem:11.94M (Peak 39.75M) | Time:00:00.13 | Mem:0.31M, Peak:0.39M | Scene, ViewLayer | Updating Lookup Tables
Fra:2 Mem:11.94M (Peak 39.75M) | Time:00:00.13 | Mem:0.39M, Peak:0.39M | Scene, ViewLayer | Updating Baking
Fra:2 Mem:11.94M (Peak 39.75M) | Time:00:00.13 | Mem:0.39M, Peak:0.39M | Scene, ViewLayer | Updating Device | Writing constant memory
Fra:2 Mem:11.94M (Peak 39.75M) | Time:00:00.13 | Mem:0.39M, Peak:0.39M | Scene, ViewLayer | Loading denoising kernels (may take a few minutes the first time)
Fra:2 Mem:15.95M (Peak 39.75M) | Time:00:00.14 | Mem:344.39M, Peak:344.39M | Scene, ViewLayer | Sample 0/128
Fra:2 Mem:34.95M (Peak 39.75M) | Time:00:00.15 | Remaining:00:00.60 | Mem:363.39M, Peak:363.39M | Scene, ViewLayer | Sample 1/128
Fra:2 Mem:34.95M (Peak 39.75M) | Time:00:00.24 | Remaining:00:00.05 | Mem:363.40M, Peak:363.40M | Scene, ViewLayer | Sample 80/128
Fra:2 Mem:34.95M (Peak 39.75M) | Time:00:00.24 | Remaining:00:00.03 | Mem:363.40M, Peak:363.40M | Scene, ViewLayer | Sample 96/128
Fra:2 Mem:34.95M (Peak 39.75M) | Time:00:00.25 | Remaining:00:00.01 | Mem:363.40M, Peak:363.40M | Scene, ViewLayer | Sample 112/128
Fra:2 Mem:42.96M (Peak 54.96M) | Time:00:00.73 | Mem:363.40M, Peak:363.40M | Scene, ViewLayer | Sample 128/128
Fra:2 Mem:42.96M (Peak 54.96M) | Time:00:00.73 | Mem:363.40M, Peak:363.40M | Scene, ViewLayer | Finished
Saved: 'C:\ZSY\imperial\courses\ISO\iso-shapecraft\exp\all_shapes\0129-155542\render\exp_full_task.png'
Time: 00:00.89 (Saving: 00:00.12)

Output path: C:\ZSY\imperial\courses\ISO\iso-shapecraft\exp\all_shapes\0129-155542
Object name: exp_full_task
Rendering to C:\ZSY\imperial\courses\ISO\iso-shapecraft\exp\all_shapes\0129-155542\render\exp_full_task.png
Exporting to C:\ZSY\imperial\courses\ISO\iso-shapecraft\exp\all_shapes\0129-155542\obj\exp_full_task.obj
Warning: No mesh data to join
OBJ export of 'exp_full_task.obj' took 3.54 ms

Blender quit
