Blender 4.2.6 LTS (hash 6dc30a3be3cf built 2025-01-21 03:28:02)
Read blend: "C:\ZSY\imperial\courses\ISO\iso-shapecraft\auto_render.blend"
Fra:2 Mem:10.95M (Peak 10.95M) | Time:00:00.10 | Mem:0.00M, Peak:0.00M | Scene, ViewLayer | Synchronizing object | Pyramid
Fra:2 Mem:10.95M (Peak 10.95M) | Time:00:00.10 | Mem:0.00M, Peak:0.00M | Scene, ViewLayer | Initializing
Fra:2 Mem:10.80M (Peak 10.95M) | Time:00:00.10 | Mem:0.00M, Peak:0.00M | Scene, ViewLayer | Waiting for render to start
Fra:2 Mem:10.80M (Peak 10.95M) | Time:00:00.10 | Mem:0.00M, Peak:0.00M | Scene, ViewLayer | Loading render kernels (may take a few minutes the first time)
Fra:2 Mem:10.80M (Peak 39.21M) | Time:00:00.17 | Mem:0.00M, Peak:0.00M | Scene, ViewLayer | Updating Scene
Fra:2 Mem:10.80M (Peak 39.21M) | Time:00:00.17 | Mem:0.00M, Peak:0.00M | Scene, ViewLayer | Updating Shaders
Fra:2 Mem:10.88M (Peak 39.21M) | Time:00:00.18 | Mem:0.00M, Peak:0.00M | Scene, ViewLayer | Updating Procedurals
Fra:2 Mem:10.88M (Peak 39.21M) | Time:00:00.18 | Mem:0.00M, Peak:0.00M | Scene, ViewLayer | Updating Background
Fra:2 Mem:10.88M (Peak 39.21M) | Time:00:00.18 | Mem:0.00M, Peak:0.00M | Scene, ViewLayer | Updating Camera
Fra:2 Mem:10.88M (Peak 39.21M) | Time:00:00.18 | Mem:0.00M, Peak:0.00M | Scene, ViewLayer | Updating Meshes Flags
Fra:2 Mem:10.88M (Peak 39.21M) | Time:00:00.18 | Mem:0.00M, Peak:0.00M | Scene, ViewLayer | Updating Objects
Fra:2 Mem:10.88M (Peak 39.21M) | Time:00:00.18 | Mem:0.00M, Peak:0.00M | Scene, ViewLayer | Updating Objects | Copying Transformations to device
Fra:2 Mem:10.88M (Peak 39.21M) | Time:00:00.18 | Mem:0.00M, Peak:0.00M | Scene, ViewLayer | Updating Objects | Applying Static Transformations
Fra:2 Mem:10.88M (Peak 39.21M) | Time:00:00.18 | Mem:0.00M, Peak:0.00M | Scene, ViewLayer | Updating Particle Systems
Fra:2 Mem:10.88M (Peak 39.21M) | Time:00:00.18 | Mem:0.00M, Peak:0.00M | Scene, ViewLayer | Updating Particle Systems | Copying Particles to device
Fra:2 Mem:10.88M (Peak 39.21M) | Time:00:00.18 | Mem:0.00M, Peak:0.00M | Scene, ViewLayer | Updating Meshes
Fra:2 Mem:10.88M (Peak 39.21M) | Time:00:00.18 | Mem:0.00M, Peak:0.00M | Scene, ViewLayer | Updating Mesh | Computing attributes
Fra:2 Mem:10.88M (Peak 39.21M) | Time:00:00.18 | Mem:0.00M, Peak:0.00M | Scene, ViewLayer | Updating Mesh | Copying Attributes to device
Fra:2 Mem:10.88M (Peak 39.21M) | Time:00:00.18 | Mem:0.00M, Peak:0.00M | Scene, ViewLayer | Updating Scene BVH | Building
Fra:2 Mem:10.88M (Peak 39.21M) | Time:00:00.18 | Mem:0.00M, Peak:0.00M | Scene, ViewLayer | Updating Scene BVH | Building BVH
Fra:2 Mem:10.88M (Peak 39.21M) | Time:00:00.18 | Mem:0.00M, Peak:0.00M | Scene, ViewLayer | Updating Scene BVH | Packing BVH triangles and strands
Fra:2 Mem:10.88M (Peak 39.21M) | Time:00:00.18 | Mem:0.00M, Peak:0.00M | Scene, ViewLayer | Updating Scene BVH | Packing BVH nodes
Fra:2 Mem:10.88M (Peak 39.21M) | Time:00:00.18 | Mem:0.00M, Peak:0.00M | Scene, ViewLayer | Updating Scene BVH | Copying BVH to device
Fra:2 Mem:10.88M (Peak 39.21M) | Time:00:00.18 | Mem:0.00M, Peak:0.00M | Scene, ViewLayer | Updating Mesh | Computing normals
Fra:2 Mem:10.88M (Peak 39.21M) | Time:00:00.18 | Mem:0.00M, Peak:0.00M | Scene, ViewLayer | Updating Mesh | Copying Mesh to device
Fra:2 Mem:10.88M (Peak 39.21M) | Time:00:00.18 | Mem:0.00M, Peak:0.00M | Scene, ViewLayer | Updating Objects Flags
Fra:2 Mem:10.88M (Peak 39.21M) | Time:00:00.18 | Mem:0.00M, Peak:0.00M | Scene, ViewLayer | Updating Primitive Offsets
Fra:2 Mem:10.88M (Peak 39.21M) | Time:00:00.18 | Mem:0.00M, Peak:0.00M | Scene, ViewLayer | Updating Images
Fra:2 Mem:10.88M (Peak 39.21M) | Time:00:00.18 | Mem:0.00M, Peak:0.00M | Scene, ViewLayer | Updating Camera Volume
Fra:2 Mem:10.88M (Peak 39.21M) | Time:00:00.18 | Mem:0.00M, Peak:0.00M | Scene, ViewLayer | Updating Lookup Tables
Fra:2 Mem:10.88M (Peak 39.21M) | Time:00:00.18 | Mem:0.08M, Peak:0.08M | Scene, ViewLayer | Updating Lights
Fra:2 Mem:10.88M (Peak 39.21M) | Time:00:00.18 | Mem:0.08M, Peak:0.08M | Scene, ViewLayer | Updating Lights | Computing tree
Fra:2 Mem:10.88M (Peak 39.21M) | Time:00:00.18 | Mem:0.08M, Peak:0.08M | Scene, ViewLayer | Updating Integrator
Fra:2 Mem:10.88M (Peak 39.21M) | Time:00:00.18 | Mem:0.08M, Peak:0.08M | Scene, ViewLayer | Updating Film
Fra:2 Mem:10.89M (Peak 39.21M) | Time:00:00.18 | Mem:0.00M, Peak:0.08M | Scene, ViewLayer | Updating Lookup Tables
Fra:2 Mem:10.89M (Peak 39.21M) | Time:00:00.18 | Mem:0.09M, Peak:0.09M | Scene, ViewLayer | Updating Baking
Fra:2 Mem:10.89M (Peak 39.21M) | Time:00:00.18 | Mem:0.09M, Peak:0.09M | Scene, ViewLayer | Updating Device | Writing constant memory
Fra:2 Mem:10.89M (Peak 39.21M) | Time:00:00.18 | Mem:0.09M, Peak:0.09M | Scene, ViewLayer | Loading denoising kernels (may take a few minutes the first time)
Fra:2 Mem:14.89M (Peak 39.21M) | Time:00:00.19 | Mem:344.09M, Peak:344.09M | Scene, ViewLayer | Sample 0/128
Fra:2 Mem:33.89M (Peak 39.21M) | Time:00:00.19 | Remaining:00:00.38 | Mem:363.09M, Peak:363.09M | Scene, ViewLayer | Sample 1/128
Fra:2 Mem:33.90M (Peak 39.21M) | Time:00:00.29 | Remaining:00:00.06 | Mem:363.09M, Peak:363.09M | Scene, ViewLayer | Sample 80/128
Fra:2 Mem:33.90M (Peak 39.21M) | Time:00:00.29 | Remaining:00:00.03 | Mem:363.09M, Peak:363.09M | Scene, ViewLayer | Sample 96/128
Fra:2 Mem:33.90M (Peak 39.21M) | Time:00:00.29 | Remaining:00:00.01 | Mem:363.09M, Peak:363.09M | Scene, ViewLayer | Sample 112/128
Fra:2 Mem:41.90M (Peak 53.90M) | Time:00:00.78 | Mem:363.09M, Peak:363.09M | Scene, ViewLayer | Sample 128/128
Fra:2 Mem:41.90M (Peak 53.90M) | Time:00:00.78 | Mem:363.09M, Peak:363.09M | Scene, ViewLayer | Finished
Saved: 'C:\ZSY\imperial\courses\ISO\iso-shapecraft\exp\all_shapes\0129-155554\render\exp_full_task.png'
Time: 00:00.96 (Saving: 00:00.13)

Output path: C:\ZSY\imperial\courses\ISO\iso-shapecraft\exp\all_shapes\0129-155554
Object name: exp_full_task
Rendering to C:\ZSY\imperial\courses\ISO\iso-shapecraft\exp\all_shapes\0129-155554\render\exp_full_task.png
Exporting to C:\ZSY\imperial\courses\ISO\iso-shapecraft\exp\all_shapes\0129-155554\obj\exp_full_task.obj
Warning: No mesh data to join
OBJ export of 'exp_full_task.obj' took 0.64 ms

Blender quit
