Blender 4.2.6 LTS (hash 6dc30a3be3cf built 2025-01-21 03:28:02)
Read blend: "C:\ZSY\imperial\courses\ISO\iso-shapecraft\auto_render.blend"
Fra:2 Mem:11.01M (Peak 11.01M) | Time:00:00.09 | Mem:0.00M, Peak:0.00M | Scene, ViewLayer | Synchronizing object | UndulatingPlane
Fra:2 Mem:11.12M (Peak 11.12M) | Time:00:00.09 | Mem:0.00M, Peak:0.00M | Scene, ViewLayer | Initializing
Fra:2 Mem:10.97M (Peak 11.12M) | Time:00:00.09 | Mem:0.00M, Peak:0.00M | Scene, ViewLayer | Waiting for render to start
Fra:2 Mem:10.97M (Peak 11.12M) | Time:00:00.09 | Mem:0.00M, Peak:0.00M | Scene, ViewLayer | Loading render kernels (may take a few minutes the first time)
Fra:2 Mem:10.97M (Peak 39.39M) | Time:00:00.16 | Mem:0.00M, Peak:0.00M | Scene, ViewLayer | Updating Scene
Fra:2 Mem:10.97M (Peak 39.39M) | Time:00:00.16 | Mem:0.00M, Peak:0.00M | Scene, ViewLayer | Updating Shaders
Fra:2 Mem:11.06M (Peak 39.39M) | Time:00:00.16 | Mem:0.00M, Peak:0.00M | Scene, ViewLayer | Updating Procedurals
Fra:2 Mem:11.06M (Peak 39.39M) | Time:00:00.16 | Mem:0.00M, Peak:0.00M | Scene, ViewLayer | Updating Background
Fra:2 Mem:11.06M (Peak 39.39M) | Time:00:00.16 | Mem:0.00M, Peak:0.00M | Scene, ViewLayer | Updating Camera
Fra:2 Mem:11.06M (Peak 39.39M) | Time:00:00.16 | Mem:0.00M, Peak:0.00M | Scene, ViewLayer | Updating Meshes Flags
Fra:2 Mem:11.06M (Peak 39.39M) | Time:00:00.16 | Mem:0.00M, Peak:0.00M | Scene, ViewLayer | Updating Objects
Fra:2 Mem:11.06M (Peak 39.39M) | Time:00:00.16 | Mem:0.00M, Peak:0.00M | Scene, ViewLayer | Updating Objects | Copying Transformations to device
Fra:2 Mem:11.06M (Peak 39.39M) | Time:00:00.16 | Mem:0.00M, Peak:0.00M | Scene, ViewLayer | Updating Objects | Applying Static Transformations
Fra:2 Mem:11.06M (Peak 39.39M) | Time:00:00.16 | Mem:0.00M, Peak:0.00M | Scene, ViewLayer | Updating Particle Systems
Fra:2 Mem:11.06M (Peak 39.39M) | Time:00:00.16 | Mem:0.00M, Peak:0.00M | Scene, ViewLayer | Updating Particle Systems | Copying Particles to device
Fra:2 Mem:11.06M (Peak 39.39M) | Time:00:00.16 | Mem:0.00M, Peak:0.00M | Scene, ViewLayer | Updating Meshes
Fra:2 Mem:11.08M (Peak 39.39M) | Time:00:00.16 | Mem:0.00M, Peak:0.00M | Scene, ViewLayer | Updating Mesh | Computing attributes
Fra:2 Mem:11.08M (Peak 39.39M) | Time:00:00.16 | Mem:0.00M, Peak:0.00M | Scene, ViewLayer | Updating Mesh | Copying Attributes to device
Fra:2 Mem:11.08M (Peak 39.39M) | Time:00:00.16 | Mem:0.00M, Peak:0.00M | Scene, ViewLayer | Updating Scene BVH | Building
Fra:2 Mem:11.08M (Peak 39.39M) | Time:00:00.16 | Mem:0.00M, Peak:0.00M | Scene, ViewLayer | Updating Scene BVH | Building BVH
Fra:2 Mem:11.18M (Peak 39.39M) | Time:00:00.16 | Mem:0.00M, Peak:0.00M | Scene, ViewLayer | Updating Scene BVH | Packing BVH triangles and strands
Fra:2 Mem:11.18M (Peak 39.39M) | Time:00:00.16 | Mem:0.00M, Peak:0.00M | Scene, ViewLayer | Updating Scene BVH | Packing BVH nodes
Fra:2 Mem:11.17M (Peak 39.39M) | Time:00:00.16 | Mem:0.00M, Peak:0.00M | Scene, ViewLayer | Updating Scene BVH | Copying BVH to device
Fra:2 Mem:11.17M (Peak 39.39M) | Time:00:00.16 | Mem:0.05M, Peak:0.05M | Scene, ViewLayer | Updating Mesh | Computing normals
Fra:2 Mem:11.23M (Peak 39.39M) | Time:00:00.16 | Mem:0.05M, Peak:0.05M | Scene, ViewLayer | Updating Mesh | Copying Mesh to device
Fra:2 Mem:11.23M (Peak 39.39M) | Time:00:00.16 | Mem:0.11M, Peak:0.11M | Scene, ViewLayer | Updating Objects Flags
Fra:2 Mem:11.23M (Peak 39.39M) | Time:00:00.16 | Mem:0.11M, Peak:0.11M | Scene, ViewLayer | Updating Primitive Offsets
Fra:2 Mem:11.23M (Peak 39.39M) | Time:00:00.16 | Mem:0.11M, Peak:0.11M | Scene, ViewLayer | Updating Images
Fra:2 Mem:11.23M (Peak 39.39M) | Time:00:00.16 | Mem:0.11M, Peak:0.11M | Scene, ViewLayer | Updating Camera Volume
Fra:2 Mem:11.23M (Peak 39.39M) | Time:00:00.16 | Mem:0.11M, Peak:0.11M | Scene, ViewLayer | Updating Lookup Tables
Fra:2 Mem:11.23M (Peak 39.39M) | Time:00:00.16 | Mem:0.19M, Peak:0.19M | Scene, ViewLayer | Updating Lights
Fra:2 Mem:11.23M (Peak 39.39M) | Time:00:00.16 | Mem:0.19M, Peak:0.19M | Scene, ViewLayer | Updating Lights | Computing tree
Fra:2 Mem:11.23M (Peak 39.39M) | Time:00:00.16 | Mem:0.19M, Peak:0.19M | Scene, ViewLayer | Updating Integrator
Fra:2 Mem:11.23M (Peak 39.39M) | Time:00:00.16 | Mem:0.19M, Peak:0.19M | Scene, ViewLayer | Updating Film
Fra:2 Mem:11.24M (Peak 39.39M) | Time:00:00.16 | Mem:0.11M, Peak:0.19M | Scene, ViewLayer | Updating Lookup Tables
Fra:2 Mem:11.24M (Peak 39.39M) | Time:00:00.16 | Mem:0.19M, Peak:0.19M | Scene, ViewLayer | Updating Baking
Fra:2 Mem:11.24M (Peak 39.39M) | Time:00:00.16 | Mem:0.19M, Peak:0.19M | Scene, ViewLayer | Updating Device | Writing constant memory
Fra:2 Mem:11.24M (Peak 39.39M) | Time:00:00.16 | Mem:0.19M, Peak:0.19M | Scene, ViewLayer | Loading denoising kernels (may take a few minutes the first time)
Fra:2 Mem:15.24M (Peak 39.39M) | Time:00:00.17 | Mem:344.19M, Peak:344.19M | Scene, ViewLayer | Sample 0/128
Fra:2 Mem:34.24M (Peak 39.39M) | Time:00:00.18 | Remaining:00:00.58 | Mem:363.19M, Peak:363.19M | Scene, ViewLayer | Sample 1/128
Fra:2 Mem:34.25M (Peak 39.39M) | Time:00:00.29 | Remaining:00:00.06 | Mem:363.20M, Peak:363.20M | Scene, ViewLayer | Sample 80/128
Fra:2 Mem:34.25M (Peak 39.39M) | Time:00:00.29 | Remaining:00:00.04 | Mem:363.20M, Peak:363.20M | Scene, ViewLayer | Sample 96/128
Fra:2 Mem:34.25M (Peak 39.39M) | Time:00:00.30 | Remaining:00:00.01 | Mem:363.20M, Peak:363.20M | Scene, ViewLayer | Sample 112/128
Fra:2 Mem:42.25M (Peak 54.25M) | Time:00:00.80 | Mem:363.20M, Peak:363.20M | Scene, ViewLayer | Sample 128/128
Fra:2 Mem:42.25M (Peak 54.25M) | Time:00:00.80 | Mem:363.20M, Peak:363.20M | Scene, ViewLayer | Finished
Saved: 'C:\ZSY\imperial\courses\ISO\iso-shapecraft\exp\all_shapes\0129-155639\render\exp_full_task.png'
Time: 00:00.96 (Saving: 00:00.11)

Output path: C:\ZSY\imperial\courses\ISO\iso-shapecraft\exp\all_shapes\0129-155639
Object name: exp_full_task
Rendering to C:\ZSY\imperial\courses\ISO\iso-shapecraft\exp\all_shapes\0129-155639\render\exp_full_task.png
Exporting to C:\ZSY\imperial\courses\ISO\iso-shapecraft\exp\all_shapes\0129-155639\obj\exp_full_task.obj
Warning: No mesh data to join
OBJ export of 'exp_full_task.obj' took 1.43 ms

Blender quit
