Blender 4.2.6 LTS (hash 6dc30a3be3cf built 2025-01-21 03:28:02)
Read blend: "C:\ZSY\imperial\courses\ISO\iso-shapecraft\auto_render.blend"
Fra:2 Mem:16.14M (Peak 16.14M) | Time:00:00.51 | Mem:0.00M, Peak:0.00M | Scene, ViewLayer | Synchronizing object | ConeWithGroove
Fra:2 Mem:17.60M (Peak 17.60M) | Time:00:00.51 | Mem:0.00M, Peak:0.00M | Scene, ViewLayer | Initializing
Fra:2 Mem:17.45M (Peak 17.60M) | Time:00:00.51 | Mem:0.00M, Peak:0.00M | Scene, ViewLayer | Waiting for render to start
Fra:2 Mem:17.45M (Peak 17.60M) | Time:00:00.51 | Mem:0.00M, Peak:0.00M | Scene, ViewLayer | Loading render kernels (may take a few minutes the first time)
Fra:2 Mem:17.45M (Peak 45.87M) | Time:00:00.57 | Mem:0.00M, Peak:0.00M | Scene, ViewLayer | Updating Scene
Fra:2 Mem:17.45M (Peak 45.87M) | Time:00:00.57 | Mem:0.00M, Peak:0.00M | Scene, ViewLayer | Updating Shaders
Fra:2 Mem:17.54M (Peak 45.87M) | Time:00:00.57 | Mem:0.00M, Peak:0.00M | Scene, ViewLayer | Updating Procedurals
Fra:2 Mem:17.54M (Peak 45.87M) | Time:00:00.57 | Mem:0.00M, Peak:0.00M | Scene, ViewLayer | Updating Background
Fra:2 Mem:17.54M (Peak 45.87M) | Time:00:00.57 | Mem:0.00M, Peak:0.00M | Scene, ViewLayer | Updating Camera
Fra:2 Mem:17.54M (Peak 45.87M) | Time:00:00.57 | Mem:0.00M, Peak:0.00M | Scene, ViewLayer | Updating Meshes Flags
Fra:2 Mem:17.54M (Peak 45.87M) | Time:00:00.57 | Mem:0.00M, Peak:0.00M | Scene, ViewLayer | Updating Objects
Fra:2 Mem:17.54M (Peak 45.87M) | Time:00:00.57 | Mem:0.00M, Peak:0.00M | Scene, ViewLayer | Updating Objects | Copying Transformations to device
Fra:2 Mem:17.54M (Peak 45.87M) | Time:00:00.57 | Mem:0.00M, Peak:0.00M | Scene, ViewLayer | Updating Objects | Applying Static Transformations
Fra:2 Mem:17.54M (Peak 45.87M) | Time:00:00.57 | Mem:0.00M, Peak:0.00M | Scene, ViewLayer | Updating Particle Systems
Fra:2 Mem:17.54M (Peak 45.87M) | Time:00:00.57 | Mem:0.00M, Peak:0.00M | Scene, ViewLayer | Updating Particle Systems | Copying Particles to device
Fra:2 Mem:17.54M (Peak 45.87M) | Time:00:00.57 | Mem:0.00M, Peak:0.00M | Scene, ViewLayer | Updating Meshes
Fra:2 Mem:17.54M (Peak 45.87M) | Time:00:00.57 | Mem:0.00M, Peak:0.00M | Scene, ViewLayer | Updating Mesh | Computing attributes
Fra:2 Mem:17.54M (Peak 45.87M) | Time:00:00.57 | Mem:0.00M, Peak:0.00M | Scene, ViewLayer | Updating Mesh | Copying Attributes to device
Fra:2 Mem:17.54M (Peak 45.87M) | Time:00:00.57 | Mem:0.00M, Peak:0.00M | Scene, ViewLayer | Updating Scene BVH | Building
Fra:2 Mem:17.54M (Peak 45.87M) | Time:00:00.57 | Mem:0.00M, Peak:0.00M | Scene, ViewLayer | Updating Scene BVH | Building BVH
Fra:2 Mem:17.54M (Peak 45.87M) | Time:00:00.57 | Mem:0.00M, Peak:0.00M | Scene, ViewLayer | Updating Scene BVH | Packing BVH triangles and strands
Fra:2 Mem:17.54M (Peak 45.87M) | Time:00:00.57 | Mem:0.00M, Peak:0.00M | Scene, ViewLayer | Updating Scene BVH | Packing BVH nodes
Fra:2 Mem:17.54M (Peak 45.87M) | Time:00:00.57 | Mem:0.00M, Peak:0.00M | Scene, ViewLayer | Updating Scene BVH | Copying BVH to device
Fra:2 Mem:17.54M (Peak 45.87M) | Time:00:00.57 | Mem:0.00M, Peak:0.00M | Scene, ViewLayer | Updating Mesh | Computing normals
Fra:2 Mem:18.52M (Peak 45.87M) | Time:00:00.57 | Mem:0.00M, Peak:0.00M | Scene, ViewLayer | Updating Mesh | Copying Mesh to device
Fra:2 Mem:18.52M (Peak 45.87M) | Time:00:00.57 | Mem:0.98M, Peak:0.98M | Scene, ViewLayer | Updating Objects Flags
Fra:2 Mem:18.52M (Peak 45.87M) | Time:00:00.57 | Mem:0.98M, Peak:0.98M | Scene, ViewLayer | Updating Primitive Offsets
Fra:2 Mem:18.52M (Peak 45.87M) | Time:00:00.57 | Mem:0.98M, Peak:0.98M | Scene, ViewLayer | Updating Images
Fra:2 Mem:18.52M (Peak 45.87M) | Time:00:00.57 | Mem:0.98M, Peak:0.98M | Scene, ViewLayer | Updating Camera Volume
Fra:2 Mem:18.52M (Peak 45.87M) | Time:00:00.57 | Mem:0.98M, Peak:0.98M | Scene, ViewLayer | Updating Lookup Tables
Fra:2 Mem:18.52M (Peak 45.87M) | Time:00:00.57 | Mem:1.06M, Peak:1.06M | Scene, ViewLayer | Updating Lights
Fra:2 Mem:18.52M (Peak 45.87M) | Time:00:00.57 | Mem:1.06M, Peak:1.06M | Scene, ViewLayer | Updating Lights | Computing tree
Fra:2 Mem:18.52M (Peak 45.87M) | Time:00:00.57 | Mem:1.06M, Peak:1.06M | Scene, ViewLayer | Updating Integrator
Fra:2 Mem:18.52M (Peak 45.87M) | Time:00:00.57 | Mem:1.06M, Peak:1.06M | Scene, ViewLayer | Updating Film
Fra:2 Mem:18.52M (Peak 45.87M) | Time:00:00.57 | Mem:0.98M, Peak:1.06M | Scene, ViewLayer | Updating Lookup Tables
Fra:2 Mem:18.52M (Peak 45.87M) | Time:00:00.57 | Mem:1.07M, Peak:1.07M | Scene, ViewLayer | Updating Baking
Fra:2 Mem:18.52M (Peak 45.87M) | Time:00:00.57 | Mem:1.07M, Peak:1.07M | Scene, ViewLayer | Updating Device | Writing constant memory
Fra:2 Mem:18.52M (Peak 45.87M) | Time:00:00.57 | Mem:1.07M, Peak:1.07M | Scene, ViewLayer | Loading denoising kernels (may take a few minutes the first time)
Fra:2 Mem:22.53M (Peak 45.87M) | Time:00:00.58 | Mem:345.07M, Peak:345.07M | Scene, ViewLayer | Sample 0/128
Fra:2 Mem:41.53M (Peak 45.87M) | Time:00:00.59 | Remaining:00:00.31 | Mem:364.07M, Peak:364.07M | Scene, ViewLayer | Sample 1/128
Fra:2 Mem:41.53M (Peak 45.87M) | Time:00:00.64 | Remaining:00:00.03 | Mem:364.07M, Peak:364.07M | Scene, ViewLayer | Sample 80/128
Fra:2 Mem:41.53M (Peak 45.87M) | Time:00:00.64 | Remaining:00:00.01 | Mem:364.07M, Peak:364.07M | Scene, ViewLayer | Sample 96/128
Fra:2 Mem:41.53M (Peak 45.87M) | Time:00:00.64 | Remaining:00:00.00 | Mem:364.07M, Peak:364.07M | Scene, ViewLayer | Sample 112/128
Fra:2 Mem:49.54M (Peak 61.54M) | Time:00:01.13 | Mem:364.07M, Peak:364.07M | Scene, ViewLayer | Sample 128/128
Fra:2 Mem:49.54M (Peak 61.54M) | Time:00:01.13 | Mem:364.07M, Peak:364.07M | Scene, ViewLayer | Finished
Saved: 'C:\ZSY\imperial\courses\ISO\iso-shapecraft\exp\all_shapes\0125-222628\render\exp_full_task.png'
Time: 00:01.34 (Saving: 00:00.17)

Output path: C:\ZSY\imperial\courses\ISO\iso-shapecraft\exp\all_shapes\0125-222628
Object name: exp_full_task
Rendering to C:\ZSY\imperial\courses\ISO\iso-shapecraft\exp\all_shapes\0125-222628\render\exp_full_task.png
Exporting to C:\ZSY\imperial\courses\ISO\iso-shapecraft\exp\all_shapes\0125-222628\obj\exp_full_task.obj
Warning: No mesh data to join
OBJ export of 'exp_full_task.obj' took 10.08 ms

Blender quit
