Blender 4.2.6 LTS (hash 6dc30a3be3cf built 2025-01-21 03:28:02)
Read blend: "C:\ZSY\imperial\courses\ISO\iso-shapecraft\auto_render.blend"
Fra:2 Mem:11.01M (Peak 11.01M) | Time:00:01.55 | Mem:0.00M, Peak:0.00M | Scene, ViewLayer | Synchronizing object | Torus
Fra:2 Mem:11.08M (Peak 11.08M) | Time:00:01.55 | Mem:0.00M, Peak:0.00M | Scene, ViewLayer | Initializing
Fra:2 Mem:10.93M (Peak 11.08M) | Time:00:01.55 | Mem:0.00M, Peak:0.00M | Scene, ViewLayer | Waiting for render to start
Fra:2 Mem:10.93M (Peak 11.08M) | Time:00:01.55 | Mem:0.00M, Peak:0.00M | Scene, ViewLayer | Loading render kernels (may take a few minutes the first time)
Fra:2 Mem:10.93M (Peak 39.35M) | Time:00:01.62 | Mem:0.00M, Peak:0.00M | Scene, ViewLayer | Updating Scene
Fra:2 Mem:10.93M (Peak 39.35M) | Time:00:01.62 | Mem:0.00M, Peak:0.00M | Scene, ViewLayer | Updating Shaders
Fra:2 Mem:11.02M (Peak 39.35M) | Time:00:01.62 | Mem:0.00M, Peak:0.00M | Scene, ViewLayer | Updating Procedurals
Fra:2 Mem:11.02M (Peak 39.35M) | Time:00:01.62 | Mem:0.00M, Peak:0.00M | Scene, ViewLayer | Updating Background
Fra:2 Mem:11.02M (Peak 39.35M) | Time:00:01.62 | Mem:0.00M, Peak:0.00M | Scene, ViewLayer | Updating Camera
Fra:2 Mem:11.02M (Peak 39.35M) | Time:00:01.62 | Mem:0.00M, Peak:0.00M | Scene, ViewLayer | Updating Meshes Flags
Fra:2 Mem:11.02M (Peak 39.35M) | Time:00:01.62 | Mem:0.00M, Peak:0.00M | Scene, ViewLayer | Updating Objects
Fra:2 Mem:11.02M (Peak 39.35M) | Time:00:01.62 | Mem:0.00M, Peak:0.00M | Scene, ViewLayer | Updating Objects | Copying Transformations to device
Fra:2 Mem:11.02M (Peak 39.35M) | Time:00:01.62 | Mem:0.00M, Peak:0.00M | Scene, ViewLayer | Updating Objects | Applying Static Transformations
Fra:2 Mem:11.02M (Peak 39.35M) | Time:00:01.62 | Mem:0.00M, Peak:0.00M | Scene, ViewLayer | Updating Particle Systems
Fra:2 Mem:11.02M (Peak 39.35M) | Time:00:01.62 | Mem:0.00M, Peak:0.00M | Scene, ViewLayer | Updating Particle Systems | Copying Particles to device
Fra:2 Mem:11.02M (Peak 39.35M) | Time:00:01.62 | Mem:0.00M, Peak:0.00M | Scene, ViewLayer | Updating Meshes
Fra:2 Mem:11.03M (Peak 39.35M) | Time:00:01.62 | Mem:0.00M, Peak:0.00M | Scene, ViewLayer | Updating Mesh | Computing attributes
Fra:2 Mem:11.03M (Peak 39.35M) | Time:00:01.62 | Mem:0.00M, Peak:0.00M | Scene, ViewLayer | Updating Mesh | Copying Attributes to device
Fra:2 Mem:11.03M (Peak 39.35M) | Time:00:01.62 | Mem:0.00M, Peak:0.00M | Scene, ViewLayer | Updating Scene BVH | Building
Fra:2 Mem:11.03M (Peak 39.35M) | Time:00:01.62 | Mem:0.00M, Peak:0.00M | Scene, ViewLayer | Updating Scene BVH | Building BVH
Fra:2 Mem:11.10M (Peak 39.35M) | Time:00:01.62 | Mem:0.00M, Peak:0.00M | Scene, ViewLayer | Updating Scene BVH | Packing BVH triangles and strands
Fra:2 Mem:11.10M (Peak 39.35M) | Time:00:01.62 | Mem:0.00M, Peak:0.00M | Scene, ViewLayer | Updating Scene BVH | Packing BVH nodes
Fra:2 Mem:11.11M (Peak 39.35M) | Time:00:01.62 | Mem:0.00M, Peak:0.00M | Scene, ViewLayer | Updating Scene BVH | Copying BVH to device
Fra:2 Mem:11.11M (Peak 39.35M) | Time:00:01.62 | Mem:0.04M, Peak:0.04M | Scene, ViewLayer | Updating Mesh | Computing normals
Fra:2 Mem:11.14M (Peak 39.35M) | Time:00:01.62 | Mem:0.04M, Peak:0.04M | Scene, ViewLayer | Updating Mesh | Copying Mesh to device
Fra:2 Mem:11.14M (Peak 39.35M) | Time:00:01.62 | Mem:0.08M, Peak:0.08M | Scene, ViewLayer | Updating Objects Flags
Fra:2 Mem:11.14M (Peak 39.35M) | Time:00:01.62 | Mem:0.08M, Peak:0.08M | Scene, ViewLayer | Updating Primitive Offsets
Fra:2 Mem:11.14M (Peak 39.35M) | Time:00:01.62 | Mem:0.08M, Peak:0.08M | Scene, ViewLayer | Updating Images
Fra:2 Mem:11.14M (Peak 39.35M) | Time:00:01.62 | Mem:0.08M, Peak:0.08M | Scene, ViewLayer | Updating Camera Volume
Fra:2 Mem:11.14M (Peak 39.35M) | Time:00:01.62 | Mem:0.08M, Peak:0.08M | Scene, ViewLayer | Updating Lookup Tables
Fra:2 Mem:11.14M (Peak 39.35M) | Time:00:01.62 | Mem:0.16M, Peak:0.16M | Scene, ViewLayer | Updating Lights
Fra:2 Mem:11.14M (Peak 39.35M) | Time:00:01.62 | Mem:0.16M, Peak:0.16M | Scene, ViewLayer | Updating Lights | Computing tree
Fra:2 Mem:11.15M (Peak 39.35M) | Time:00:01.62 | Mem:0.16M, Peak:0.16M | Scene, ViewLayer | Updating Integrator
Fra:2 Mem:11.15M (Peak 39.35M) | Time:00:01.62 | Mem:0.16M, Peak:0.16M | Scene, ViewLayer | Updating Film
Fra:2 Mem:11.15M (Peak 39.35M) | Time:00:01.62 | Mem:0.08M, Peak:0.16M | Scene, ViewLayer | Updating Lookup Tables
Fra:2 Mem:11.15M (Peak 39.35M) | Time:00:01.62 | Mem:0.16M, Peak:0.16M | Scene, ViewLayer | Updating Baking
Fra:2 Mem:11.15M (Peak 39.35M) | Time:00:01.62 | Mem:0.16M, Peak:0.16M | Scene, ViewLayer | Updating Device | Writing constant memory
Fra:2 Mem:11.15M (Peak 39.35M) | Time:00:01.62 | Mem:0.16M, Peak:0.16M | Scene, ViewLayer | Loading denoising kernels (may take a few minutes the first time)
Fra:2 Mem:15.15M (Peak 39.35M) | Time:00:01.63 | Mem:344.16M, Peak:344.16M | Scene, ViewLayer | Sample 0/128
Fra:2 Mem:34.15M (Peak 39.35M) | Time:00:01.64 | Remaining:00:00.56 | Mem:363.16M, Peak:363.16M | Scene, ViewLayer | Sample 1/128
Fra:2 Mem:34.16M (Peak 39.35M) | Time:00:01.73 | Remaining:00:00.05 | Mem:363.17M, Peak:363.17M | Scene, ViewLayer | Sample 80/128
Fra:2 Mem:34.16M (Peak 39.35M) | Time:00:01.73 | Remaining:00:00.03 | Mem:363.17M, Peak:363.17M | Scene, ViewLayer | Sample 96/128
Fra:2 Mem:34.16M (Peak 39.35M) | Time:00:01.74 | Remaining:00:00.01 | Mem:363.17M, Peak:363.17M | Scene, ViewLayer | Sample 112/128
Fra:2 Mem:42.16M (Peak 54.16M) | Time:00:02.20 | Mem:363.17M, Peak:363.17M | Scene, ViewLayer | Sample 128/128
Fra:2 Mem:42.16M (Peak 54.16M) | Time:00:02.20 | Mem:363.17M, Peak:363.17M | Scene, ViewLayer | Finished
Saved: 'C:\ZSY\imperial\courses\ISO\iso-shapecraft\exp\all_shapes\0125-222432\render\exp_full_task.png'
Time: 00:02.35 (Saving: 00:00.11)

Output path: C:\ZSY\imperial\courses\ISO\iso-shapecraft\exp\all_shapes\0125-222432
Object name: exp_full_task
Rendering to C:\ZSY\imperial\courses\ISO\iso-shapecraft\exp\all_shapes\0125-222432\render\exp_full_task.png
Exporting to C:\ZSY\imperial\courses\ISO\iso-shapecraft\exp\all_shapes\0125-222432\obj\exp_full_task.obj
Warning: No mesh data to join
OBJ export of 'exp_full_task.obj' took 1.16 ms

Blender quit
