Blender 4.2.6 LTS (hash 6dc30a3be3cf built 2025-01-21 03:28:02)
Read blend: "C:\ZSY\imperial\courses\ISO\iso-shapecraft\auto_render.blend"
Fra:2 Mem:11.57M (Peak 11.57M) | Time:00:00.04 | Mem:0.00M, Peak:0.00M | Scene, ViewLayer | Synchronizing object | Sphere.002
Fra:2 Mem:11.79M (Peak 11.79M) | Time:00:00.04 | Mem:0.00M, Peak:0.00M | Scene, ViewLayer | Initializing
Fra:2 Mem:11.51M (Peak 11.79M) | Time:00:00.04 | Mem:0.00M, Peak:0.00M | Scene, ViewLayer | Waiting for render to start
Fra:2 Mem:11.52M (Peak 11.79M) | Time:00:00.04 | Mem:0.00M, Peak:0.00M | Scene, ViewLayer | Loading render kernels (may take a few minutes the first time)
Fra:2 Mem:11.52M (Peak 39.93M) | Time:00:00.10 | Mem:0.00M, Peak:0.00M | Scene, ViewLayer | Updating Scene
Fra:2 Mem:11.52M (Peak 39.93M) | Time:00:00.10 | Mem:0.00M, Peak:0.00M | Scene, ViewLayer | Updating Shaders
Fra:2 Mem:11.60M (Peak 39.93M) | Time:00:00.10 | Mem:0.00M, Peak:0.00M | Scene, ViewLayer | Updating Procedurals
Fra:2 Mem:11.60M (Peak 39.93M) | Time:00:00.10 | Mem:0.00M, Peak:0.00M | Scene, ViewLayer | Updating Background
Fra:2 Mem:11.60M (Peak 39.93M) | Time:00:00.10 | Mem:0.00M, Peak:0.00M | Scene, ViewLayer | Updating Camera
Fra:2 Mem:11.60M (Peak 39.93M) | Time:00:00.10 | Mem:0.00M, Peak:0.00M | Scene, ViewLayer | Updating Meshes Flags
Fra:2 Mem:11.60M (Peak 39.93M) | Time:00:00.10 | Mem:0.00M, Peak:0.00M | Scene, ViewLayer | Updating Objects
Fra:2 Mem:11.60M (Peak 39.93M) | Time:00:00.10 | Mem:0.00M, Peak:0.00M | Scene, ViewLayer | Updating Objects | Copying Transformations to device
Fra:2 Mem:11.60M (Peak 39.93M) | Time:00:00.10 | Mem:0.00M, Peak:0.00M | Scene, ViewLayer | Updating Objects | Applying Static Transformations
Fra:2 Mem:11.60M (Peak 39.93M) | Time:00:00.10 | Mem:0.00M, Peak:0.00M | Scene, ViewLayer | Updating Particle Systems
Fra:2 Mem:11.60M (Peak 39.93M) | Time:00:00.10 | Mem:0.00M, Peak:0.00M | Scene, ViewLayer | Updating Particle Systems | Copying Particles to device
Fra:2 Mem:11.60M (Peak 39.93M) | Time:00:00.10 | Mem:0.00M, Peak:0.00M | Scene, ViewLayer | Updating Meshes
Fra:2 Mem:11.64M (Peak 39.93M) | Time:00:00.10 | Mem:0.00M, Peak:0.00M | Scene, ViewLayer | Updating Mesh | Computing attributes
Fra:2 Mem:11.66M (Peak 39.93M) | Time:00:00.10 | Mem:0.00M, Peak:0.00M | Scene, ViewLayer | Updating Mesh | Copying Attributes to device
Fra:2 Mem:11.66M (Peak 39.93M) | Time:00:00.10 | Mem:0.02M, Peak:0.02M | Scene, ViewLayer | Updating Scene BVH | Building
Fra:2 Mem:11.66M (Peak 39.93M) | Time:00:00.10 | Mem:0.02M, Peak:0.02M | Scene, ViewLayer | Updating Scene BVH | Building BVH
Fra:2 Mem:11.83M (Peak 39.93M) | Time:00:00.10 | Mem:0.02M, Peak:0.02M | Scene, ViewLayer | Updating Scene BVH | Packing BVH triangles and strands
Fra:2 Mem:11.84M (Peak 39.93M) | Time:00:00.10 | Mem:0.02M, Peak:0.02M | Scene, ViewLayer | Updating Scene BVH | Packing BVH nodes
Fra:2 Mem:11.83M (Peak 39.93M) | Time:00:00.10 | Mem:0.02M, Peak:0.02M | Scene, ViewLayer | Updating Scene BVH | Copying BVH to device
Fra:2 Mem:11.83M (Peak 39.93M) | Time:00:00.10 | Mem:0.11M, Peak:0.11M | Scene, ViewLayer | Updating Mesh | Computing normals
Fra:2 Mem:11.93M (Peak 39.93M) | Time:00:00.10 | Mem:0.11M, Peak:0.11M | Scene, ViewLayer | Updating Mesh | Copying Mesh to device
Fra:2 Mem:11.93M (Peak 39.93M) | Time:00:00.10 | Mem:0.20M, Peak:0.20M | Scene, ViewLayer | Updating Objects Flags
Fra:2 Mem:11.93M (Peak 39.93M) | Time:00:00.10 | Mem:0.20M, Peak:0.20M | Scene, ViewLayer | Updating Primitive Offsets
Fra:2 Mem:11.93M (Peak 39.93M) | Time:00:00.10 | Mem:0.20M, Peak:0.20M | Scene, ViewLayer | Updating Images
Fra:2 Mem:11.93M (Peak 39.93M) | Time:00:00.10 | Mem:0.20M, Peak:0.20M | Scene, ViewLayer | Updating Camera Volume
Fra:2 Mem:11.93M (Peak 39.93M) | Time:00:00.10 | Mem:0.20M, Peak:0.20M | Scene, ViewLayer | Updating Lookup Tables
Fra:2 Mem:11.93M (Peak 39.93M) | Time:00:00.10 | Mem:0.29M, Peak:0.29M | Scene, ViewLayer | Updating Lights
Fra:2 Mem:11.93M (Peak 39.93M) | Time:00:00.10 | Mem:0.29M, Peak:0.29M | Scene, ViewLayer | Updating Lights | Computing tree
Fra:2 Mem:11.93M (Peak 39.93M) | Time:00:00.10 | Mem:0.29M, Peak:0.29M | Scene, ViewLayer | Updating Integrator
Fra:2 Mem:11.93M (Peak 39.93M) | Time:00:00.11 | Mem:0.29M, Peak:0.29M | Scene, ViewLayer | Updating Film
Fra:2 Mem:11.94M (Peak 39.93M) | Time:00:00.11 | Mem:0.21M, Peak:0.29M | Scene, ViewLayer | Updating Lookup Tables
Fra:2 Mem:11.94M (Peak 39.93M) | Time:00:00.11 | Mem:0.29M, Peak:0.29M | Scene, ViewLayer | Updating Baking
Fra:2 Mem:11.94M (Peak 39.93M) | Time:00:00.11 | Mem:0.29M, Peak:0.29M | Scene, ViewLayer | Updating Device | Writing constant memory
Fra:2 Mem:11.94M (Peak 39.93M) | Time:00:00.11 | Mem:0.29M, Peak:0.29M | Scene, ViewLayer | Loading denoising kernels (may take a few minutes the first time)
Fra:2 Mem:15.94M (Peak 39.93M) | Time:00:00.12 | Mem:344.29M, Peak:344.29M | Scene, ViewLayer | Sample 0/128
Fra:2 Mem:34.94M (Peak 39.93M) | Time:00:00.12 | Remaining:00:00.45 | Mem:363.29M, Peak:363.29M | Scene, ViewLayer | Sample 1/128
Fra:2 Mem:34.95M (Peak 39.93M) | Time:00:00.25 | Remaining:00:00.07 | Mem:363.30M, Peak:363.30M | Scene, ViewLayer | Sample 80/128
Fra:2 Mem:34.95M (Peak 39.93M) | Time:00:00.25 | Remaining:00:00.04 | Mem:363.30M, Peak:363.30M | Scene, ViewLayer | Sample 96/128
Fra:2 Mem:34.95M (Peak 40.95M) | Time:00:00.71 | Remaining:00:00.08 | Mem:363.30M, Peak:363.30M | Scene, ViewLayer | Sample 112/128
Fra:2 Mem:42.95M (Peak 54.95M) | Time:00:01.17 | Remaining:00:00.15 | Mem:363.30M, Peak:363.30M | Scene, ViewLayer | Sample 0/128
Fra:2 Mem:42.95M (Peak 54.95M) | Time:00:01.17 | Remaining:00:00.15 | Mem:363.30M, Peak:363.30M | Scene, ViewLayer | Finished
Saved: 'C:\ZSY\imperial\courses\ISO\iso-shapecraft\exp\0125-222043\render\exp_full_task.png'
Time: 00:01.35 (Saving: 00:00.12)

Output path: C:\ZSY\imperial\courses\ISO\iso-shapecraft\exp\0125-222043
Object name: exp_full_task
Rendering to C:\ZSY\imperial\courses\ISO\iso-shapecraft\exp\0125-222043\render\exp_full_task.png
Exporting to C:\ZSY\imperial\courses\ISO\iso-shapecraft\exp\0125-222043\obj\exp_full_task.obj
OBJ export of 'exp_full_task.obj' took 2.33 ms

Blender quit
